# JRE version: OpenJDK Runtime Environment Corretto-11.0.26.4.1 (11.0.26+4) (build 11.0.26+4-LTS)
# Java VM: OpenJDK 64-Bit Server VM Corretto-11.0.26.4.1 (11.0.26+4-LTS, mixed mode, tiered, compressed oops, g1 gc, windows-amd64)
Heap:
 garbage-first heap   total 129024K, used 50032K [0x00000000e0000000, 0x0000000100000000)
  region size 1024K, 45 young (46080K), 3 survivors (3072K)
 Metaspace       used 28279K, capacity 29289K, committed 29488K, reserved 1075200K
  class space    used 3277K, capacity 3668K, committed 3712K, reserved 1048576K
GC Heap History (8 events):
Event: 0.890 GC heap before
{Heap before GC invocations=0 (full 0):
 garbage-first heap   total 129024K, used 14336K [0x00000000e0000000, 0x0000000100000000)
  region size 1024K, 14 young (14336K), 0 survivors (0K)
 Metaspace       used 11365K, capacity 11590K, committed 11776K, reserved 1060864K
  class space    used 1141K, capacity 1211K, committed 1280K, reserved 1048576K
}
Event: 0.904 GC heap after
{Heap after GC invocations=1 (full 0):
 garbage-first heap   total 129024K, used 5686K [0x00000000e0000000, 0x0000000100000000)
  region size 1024K, 2 young (2048K), 2 survivors (2048K)
 Metaspace       used 11365K, capacity 11590K, committed 11776K, reserved 1060864K
  class space    used 1141K, capacity 1211K, committed 1280K, reserved 1048576K
}
Event: 1.333 GC heap before
{Heap before GC invocations=1 (full 0):
 garbage-first heap   total 129024K, used 9782K [0x00000000e0000000, 0x0000000100000000)
  region size 1024K, 6 young (6144K), 2 survivors (2048K)
 Metaspace       used 12803K, capacity 13096K, committed 13312K, reserved 1060864K
  class space    used 1328K, capacity 1416K, committed 1536K, reserved 1048576K
}
Event: 1.341 GC heap after
{Heap after GC invocations=2 (full 0):
 garbage-first heap   total 129024K, used 6220K [0x00000000e0000000, 0x0000000100000000)
  region size 1024K, 1 young (1024K), 1 survivors (1024K)
 Metaspace       used 12803K, capacity 13096K, committed 13312K, reserved 1060864K
  class space    used 1328K, capacity 1416K, committed 1536K, reserved 1048576K
}
Event: 2.411 GC heap before
{Heap before GC invocations=2 (full 0):
 garbage-first heap   total 129024K, used 25676K [0x00000000e0000000, 0x0000000100000000)
  region size 1024K, 20 young (20480K), 1 survivors (1024K)
 Metaspace       used 16498K, capacity 17185K, committed 17280K, reserved 1064960K
  class space    used 1850K, capacity 2093K, committed 2176K, reserved 1048576K
}
Event: 2.414 GC heap after
{Heap after GC invocations=3 (full 0):
 garbage-first heap   total 129024K, used 7050K [0x00000000e0000000, 0x0000000100000000)
  region size 1024K, 2 young (2048K), 2 survivors (2048K)
 Metaspace       used 16498K, capacity 17185K, committed 17280K, reserved 1064960K
  class space    used 1850K, capacity 2093K, committed 2176K, reserved 1048576K
}
Event: 4.900 GC heap before
{Heap before GC invocations=3 (full 0):
 garbage-first heap   total 129024K, used 30602K [0x00000000e0000000, 0x0000000100000000)
  region size 1024K, 26 young (26624K), 2 survivors (2048K)
 Metaspace       used 20370K, capacity 21224K, committed 21296K, reserved 1069056K
  class space    used 2358K, capacity 2682K, committed 2688K, reserved 1048576K
}
Event: 4.905 GC heap after
{Heap after GC invocations=4 (full 0):
 garbage-first heap   total 129024K, used 8048K [0x00000000e0000000, 0x0000000100000000)
  region size 1024K, 3 young (3072K), 3 survivors (3072K)
 Metaspace       used 20370K, capacity 21224K, committed 21296K, reserved 1069056K
  class space    used 2358K, capacity 2682K, committed 2688K, reserved 1048576K
}

