# JRE version: OpenJDK Runtime Environment Corretto-11.0.26.4.1 (11.0.26+4) (build 11.0.26+4-LTS)
# Java VM: OpenJDK 64-Bit Server VM Corretto-11.0.26.4.1 (11.0.26+4-LTS, mixed mode, tiered, compressed oops, g1 gc, windows-amd64)
Heap:
 garbage-first heap   total 262144K, used 203264K [0x00000000e0000000, 0x0000000100000000)
  region size 1024K, 108 young (110592K), 15 survivors (15360K)
 Metaspace       used 97547K, capacity 100885K, committed 101792K, reserved 342016K
  class space    used 12571K, capacity 13761K, committed 14080K, reserved 253952K
GC Heap History (20 events):
Event: 29.763 GC heap before
{Heap before GC invocations=5 (full 0):
 garbage-first heap   total 262144K, used 74643K [0x00000000e0000000, 0x0000000100000000)
  region size 1024K, 63 young (64512K), 7 survivors (7168K)
 Metaspace       used 25679K, capacity 26374K, committed 26624K, reserved 278528K
  class space    used 3261K, capacity 3496K, committed 3584K, reserved 253952K
}
Event: 29.774 GC heap after
{Heap after GC invocations=6 (full 0):
 garbage-first heap   total 262144K, used 19286K [0x00000000e0000000, 0x0000000100000000)
  region size 1024K, 5 young (5120K), 5 survivors (5120K)
 Metaspace       used 25679K, capacity 26374K, committed 26624K, reserved 278528K
  class space    used 3261K, capacity 3496K, committed 3584K, reserved 253952K
}
Event: 32.137 GC heap before
{Heap before GC invocations=6 (full 0):
 garbage-first heap   total 262144K, used 107350K [0x00000000e0000000, 0x0000000100000000)
  region size 1024K, 81 young (82944K), 5 survivors (5120K)
 Metaspace       used 33025K, capacity 34050K, committed 34304K, reserved 284672K
  class space    used 4413K, capacity 4759K, committed 4864K, reserved 253952K
}
Event: 32.148 GC heap after
{Heap after GC invocations=7 (full 0):
 garbage-first heap   total 262144K, used 34975K [0x00000000e0000000, 0x0000000100000000)
  region size 1024K, 10 young (10240K), 10 survivors (10240K)
 Metaspace       used 33025K, capacity 34050K, committed 34304K, reserved 284672K
  class space    used 4413K, capacity 4759K, committed 4864K, reserved 253952K
}
Event: 32.372 GC heap before
{Heap before GC invocations=7 (full 0):
 garbage-first heap   total 262144K, used 46239K [0x00000000e0000000, 0x0000000100000000)
  region size 1024K, 22 young (22528K), 10 survivors (10240K)
 Metaspace       used 34497K, capacity 35541K, committed 35628K, reserved 284672K
  class space    used 4615K, capacity 4980K, committed 4992K, reserved 253952K
}
Event: 32.386 GC heap after
{Heap after GC invocations=8 (full 0):
 garbage-first heap   total 262144K, used 35643K [0x00000000e0000000, 0x0000000100000000)
  region size 1024K, 7 young (7168K), 7 survivors (7168K)
 Metaspace       used 34497K, capacity 35541K, committed 35628K, reserved 284672K
  class space    used 4615K, capacity 4980K, committed 4992K, reserved 253952K
}
Event: 34.858 GC heap before
{Heap before GC invocations=9 (full 0):
 garbage-first heap   total 262144K, used 163643K [0x00000000e0000000, 0x0000000100000000)
  region size 1024K, 120 young (122880K), 7 survivors (7168K)
 Metaspace       used 47699K, capacity 49147K, committed 49196K, reserved 296960K
  class space    used 5992K, capacity 6504K, committed 6528K, reserved 253952K
}
Event: 34.876 GC heap after
{Heap after GC invocations=10 (full 0):
 garbage-first heap   total 262144K, used 53720K [0x00000000e0000000, 0x0000000100000000)
  region size 1024K, 15 young (15360K), 15 survivors (15360K)
 Metaspace       used 47699K, capacity 49147K, committed 49196K, reserved 296960K
  class space    used 5992K, capacity 6504K, committed 6528K, reserved 253952K
}
Event: 36.770 GC heap before
{Heap before GC invocations=10 (full 0):
 garbage-first heap   total 262144K, used 154072K [0x00000000e0000000, 0x0000000100000000)
  region size 1024K, 114 young (116736K), 15 survivors (15360K)
 Metaspace       used 57969K, capacity 59669K, committed 59808K, reserved 307200K
  class space    used 7549K, capacity 8138K, committed 8192K, reserved 253952K
}
Event: 36.793 GC heap after
{Heap after GC invocations=11 (full 0):
 garbage-first heap   total 262144K, used 59095K [0x00000000e0000000, 0x0000000100000000)
  region size 1024K, 15 young (15360K), 15 survivors (15360K)
 Metaspace       used 57969K, capacity 59669K, committed 59808K, reserved 307200K
  class space    used 7549K, capacity 8138K, committed 8192K, reserved 253952K
}
Event: 39.739 GC heap before
{Heap before GC invocations=12 (full 0):
 garbage-first heap   total 262144K, used 200407K [0x00000000e0000000, 0x0000000100000000)
  region size 1024K, 140 young (143360K), 15 survivors (15360K)
 Metaspace       used 67552K, capacity 69758K, committed 69920K, reserved 315392K
  class space    used 8954K, capacity 9738K, committed 9856K, reserved 253952K
}
Event: 39.772 GC heap after
{Heap after GC invocations=13 (full 0):
 garbage-first heap   total 262144K, used 80811K [0x00000000e0000000, 0x0000000100000000)
  region size 1024K, 14 young (14336K), 14 survivors (14336K)
 Metaspace       used 67552K, capacity 69758K, committed 69920K, reserved 315392K
  class space    used 8954K, capacity 9738K, committed 9856K, reserved 253952K
}
Event: 485.507 GC heap before
{Heap before GC invocations=13 (full 0):
 garbage-first heap   total 262144K, used 202667K [0x00000000e0000000, 0x0000000100000000)
  region size 1024K, 134 young (137216K), 14 survivors (14336K)
 Metaspace       used 79164K, capacity 81685K, committed 81952K, reserved 325632K
  class space    used 10375K, capacity 11279K, committed 11392K, reserved 253952K
}
Event: 485.547 GC heap after
{Heap after GC invocations=14 (full 0):
 garbage-first heap   total 262144K, used 88223K [0x00000000e0000000, 0x0000000100000000)
  region size 1024K, 16 young (16384K), 16 survivors (16384K)
 Metaspace       used 79164K, capacity 81685K, committed 81952K, reserved 325632K
  class space    used 10375K, capacity 11279K, committed 11392K, reserved 253952K
}
Event: 1837.166 GC heap before
{Heap before GC invocations=14 (full 0):
 garbage-first heap   total 262144K, used 205983K [0x00000000e0000000, 0x0000000100000000)
  region size 1024K, 132 young (135168K), 16 survivors (16384K)
 Metaspace       used 82520K, capacity 85599K, committed 85792K, reserved 329728K
  class space    used 10774K, capacity 11812K, committed 11904K, reserved 253952K
}
Event: 1837.248 GC heap after
{Heap after GC invocations=15 (full 0):
 garbage-first heap   total 262144K, used 96313K [0x00000000e0000000, 0x0000000100000000)
  region size 1024K, 16 young (16384K), 16 survivors (16384K)
 Metaspace       used 82520K, capacity 85599K, committed 85792K, reserved 329728K
  class space    used 10774K, capacity 11812K, committed 11904K, reserved 253952K
}
Event: 1851.373 GC heap before
{Heap before GC invocations=15 (full 0):
 garbage-first heap   total 262144K, used 207929K [0x00000000e0000000, 0x0000000100000000)
  region size 1024K, 126 young (129024K), 16 survivors (16384K)
 Metaspace       used 93747K, capacity 97340K, committed 97568K, reserved 339968K
  class space    used 12217K, capacity 13415K, committed 13440K, reserved 253952K
}
Event: 1851.398 GC heap after
{Heap after GC invocations=16 (full 0):
 garbage-first heap   total 262144K, used 102793K [0x00000000e0000000, 0x0000000100000000)
  region size 1024K, 15 young (15360K), 15 survivors (15360K)
 Metaspace       used 93747K, capacity 97340K, committed 97568K, reserved 339968K
  class space    used 12217K, capacity 13415K, committed 13440K, reserved 253952K
}
Event: 1852.332 GC heap before
{Heap before GC invocations=16 (full 0):
 garbage-first heap   total 262144K, used 169353K [0x00000000e0000000, 0x0000000100000000)
  region size 1024K, 82 young (83968K), 15 survivors (15360K)
 Metaspace       used 96205K, capacity 99842K, committed 100000K, reserved 342016K
  class space    used 12468K, capacity 13701K, committed 13824K, reserved 253952K
}
Event: 1852.367 GC heap after
{Heap after GC invocations=17 (full 0):
 garbage-first heap   total 262144K, used 109728K [0x00000000e0000000, 0x0000000100000000)
  region size 1024K, 15 young (15360K), 15 survivors (15360K)
 Metaspace       used 96205K, capacity 99842K, committed 100000K, reserved 342016K
  class space    used 12468K, capacity 13701K, committed 13824K, reserved 253952K
}

