# JRE version: OpenJDK Runtime Environment Corretto-11.0.26.4.1 (11.0.26+4) (build 11.0.26+4-LTS)
# Java VM: OpenJDK 64-Bit Server VM Corretto-11.0.26.4.1 (11.0.26+4-LTS, mixed mode, tiered, compressed oops, g1 gc, windows-amd64)
Heap:
 garbage-first heap   total 262144K, used 138240K [0x00000000e0000000, 0x0000000100000000)
  region size 1024K, 85 young (87040K), 18 survivors (18432K)
 Metaspace       used 81040K, capacity 84286K, committed 84400K, reserved 327680K
  class space    used 10470K, capacity 11687K, committed 11776K, reserved 253952K
GC Heap History (20 events):
Event: 6.048 GC heap before
{Heap before GC invocations=3 (full 0):
 garbage-first heap   total 262144K, used 57692K [0x00000000e0000000, 0x0000000100000000)
  region size 1024K, 46 young (47104K), 4 survivors (4096K)
 Metaspace       used 18826K, capacity 19251K, committed 19584K, reserved 272384K
  class space    used 2184K, capacity 2316K, committed 2432K, reserved 253952K
}
Event: 6.060 GC heap after
{Heap after GC invocations=4 (full 0):
 garbage-first heap   total 262144K, used 17589K [0x00000000e0000000, 0x0000000100000000)
  region size 1024K, 6 young (6144K), 6 survivors (6144K)
 Metaspace       used 18826K, capacity 19251K, committed 19584K, reserved 272384K
  class space    used 2184K, capacity 2316K, committed 2432K, reserved 253952K
}
Event: 6.435 GC heap before
{Heap before GC invocations=4 (full 0):
 garbage-first heap   total 262144K, used 32949K [0x00000000e0000000, 0x0000000100000000)
  region size 1024K, 22 young (22528K), 6 survivors (6144K)
 Metaspace       used 20803K, capacity 21177K, committed 21296K, reserved 274432K
  class space    used 2468K, capacity 2617K, committed 2688K, reserved 253952K
}
Event: 6.446 GC heap after
{Heap after GC invocations=5 (full 0):
 garbage-first heap   total 262144K, used 18320K [0x00000000e0000000, 0x0000000100000000)
  region size 1024K, 4 young (4096K), 4 survivors (4096K)
 Metaspace       used 20803K, capacity 21177K, committed 21296K, reserved 274432K
  class space    used 2468K, capacity 2617K, committed 2688K, reserved 253952K
}
Event: 8.034 GC heap before
{Heap before GC invocations=6 (full 0):
 garbage-first heap   total 262144K, used 79760K [0x00000000e0000000, 0x0000000100000000)
  region size 1024K, 64 young (65536K), 4 survivors (4096K)
 Metaspace       used 26743K, capacity 27337K, committed 27440K, reserved 278528K
  class space    used 3437K, capacity 3657K, committed 3712K, reserved 253952K
}
Event: 8.053 GC heap after
{Heap after GC invocations=7 (full 0):
 garbage-first heap   total 262144K, used 20392K [0x00000000e0000000, 0x0000000100000000)
  region size 1024K, 6 young (6144K), 6 survivors (6144K)
 Metaspace       used 26743K, capacity 27337K, committed 27440K, reserved 278528K
  class space    used 3437K, capacity 3657K, committed 3712K, reserved 253952K
}
Event: 10.343 GC heap before
{Heap before GC invocations=7 (full 0):
 garbage-first heap   total 262144K, used 95144K [0x00000000e0000000, 0x0000000100000000)
  region size 1024K, 80 young (81920K), 6 survivors (6144K)
 Metaspace       used 34962K, capacity 35819K, committed 35888K, reserved 286720K
  class space    used 4604K, capacity 4958K, committed 4992K, reserved 253952K
}
Event: 10.369 GC heap after
{Heap after GC invocations=8 (full 0):
 garbage-first heap   total 262144K, used 23250K [0x00000000e0000000, 0x0000000100000000)
  region size 1024K, 9 young (9216K), 9 survivors (9216K)
 Metaspace       used 34962K, capacity 35819K, committed 35888K, reserved 286720K
  class space    used 4604K, capacity 4958K, committed 4992K, reserved 253952K
}
Event: 14.127 GC heap before
{Heap before GC invocations=9 (full 0):
 garbage-first heap   total 262144K, used 141010K [0x00000000e0000000, 0x0000000100000000)
  region size 1024K, 121 young (123904K), 9 survivors (9216K)
 Metaspace       used 46092K, capacity 47289K, committed 47536K, reserved 296960K
  class space    used 5950K, capacity 6388K, committed 6400K, reserved 253952K
}
Event: 14.172 GC heap after
{Heap after GC invocations=10 (full 0):
 garbage-first heap   total 262144K, used 31140K [0x00000000e0000000, 0x0000000100000000)
  region size 1024K, 14 young (14336K), 14 survivors (14336K)
 Metaspace       used 46092K, capacity 47289K, committed 47536K, reserved 296960K
  class space    used 5950K, capacity 6388K, committed 6400K, reserved 253952K
}
Event: 18.097 GC heap before
{Heap before GC invocations=10 (full 0):
 garbage-first heap   total 262144K, used 173476K [0x00000000e0000000, 0x0000000100000000)
  region size 1024K, 153 young (156672K), 14 survivors (14336K)
 Metaspace       used 56182K, capacity 58049K, committed 58160K, reserved 305152K
  class space    used 7372K, capacity 8048K, committed 8064K, reserved 253952K
}
Event: 18.141 GC heap after
{Heap after GC invocations=11 (full 0):
 garbage-first heap   total 262144K, used 39024K [0x00000000e0000000, 0x0000000100000000)
  region size 1024K, 16 young (16384K), 16 survivors (16384K)
 Metaspace       used 56182K, capacity 58049K, committed 58160K, reserved 305152K
  class space    used 7372K, capacity 8048K, committed 8064K, reserved 253952K
}
Event: 19.112 GC heap before
{Heap before GC invocations=11 (full 0):
 garbage-first heap   total 262144K, used 71792K [0x00000000e0000000, 0x0000000100000000)
  region size 1024K, 49 young (50176K), 16 survivors (16384K)
 Metaspace       used 58100K, capacity 60090K, committed 60208K, reserved 307200K
  class space    used 7729K, capacity 8488K, committed 8576K, reserved 253952K
}
Event: 19.190 GC heap after
{Heap after GC invocations=12 (full 0):
 garbage-first heap   total 262144K, used 41176K [0x00000000e0000000, 0x0000000100000000)
  region size 1024K, 11 young (11264K), 11 survivors (11264K)
 Metaspace       used 58100K, capacity 60090K, committed 60208K, reserved 307200K
  class space    used 7729K, capacity 8488K, committed 8576K, reserved 253952K
}
Event: 24.785 GC heap before
{Heap before GC invocations=13 (full 0):
 garbage-first heap   total 262144K, used 183512K [0x00000000e0000000, 0x0000000100000000)
  region size 1024K, 151 young (154624K), 11 survivors (11264K)
 Metaspace       used 70321K, capacity 72949K, committed 73136K, reserved 317440K
  class space    used 9292K, capacity 10229K, committed 10240K, reserved 253952K
}
Event: 24.839 GC heap after
{Heap after GC invocations=14 (full 0):
 garbage-first heap   total 262144K, used 54702K [0x00000000e0000000, 0x0000000100000000)
  region size 1024K, 16 young (16384K), 16 survivors (16384K)
 Metaspace       used 70321K, capacity 72949K, committed 73136K, reserved 317440K
  class space    used 9292K, capacity 10229K, committed 10240K, reserved 253952K
}
Event: 35.041 GC heap before
{Heap before GC invocations=14 (full 0):
 garbage-first heap   total 262144K, used 189870K [0x00000000e0000000, 0x0000000100000000)
  region size 1024K, 149 young (152576K), 16 survivors (16384K)
 Metaspace       used 75124K, capacity 77891K, committed 78128K, reserved 321536K
  class space    used 9822K, capacity 10865K, committed 10880K, reserved 253952K
}
Event: 35.088 GC heap after
{Heap after GC invocations=15 (full 0):
 garbage-first heap   total 262144K, used 58640K [0x00000000e0000000, 0x0000000100000000)
  region size 1024K, 10 young (10240K), 10 survivors (10240K)
 Metaspace       used 75124K, capacity 77891K, committed 78128K, reserved 321536K
  class space    used 9822K, capacity 10865K, committed 10880K, reserved 253952K
}
Event: 90.905 GC heap before
{Heap before GC invocations=15 (full 0):
 garbage-first heap   total 262144K, used 193808K [0x00000000e0000000, 0x0000000100000000)
  region size 1024K, 143 young (146432K), 10 survivors (10240K)
 Metaspace       used 79145K, capacity 82424K, committed 82608K, reserved 325632K
  class space    used 10275K, capacity 11470K, committed 11520K, reserved 253952K
}
Event: 90.974 GC heap after
{Heap after GC invocations=16 (full 0):
 garbage-first heap   total 262144K, used 71680K [0x00000000e0000000, 0x0000000100000000)
  region size 1024K, 18 young (18432K), 18 survivors (18432K)
 Metaspace       used 79145K, capacity 82424K, committed 82608K, reserved 325632K
  class space    used 10275K, capacity 11470K, committed 11520K, reserved 253952K
}

