# JRE version: OpenJDK Runtime Environment Corretto-11.0.26.4.1 (11.0.26+4) (build 11.0.26+4-LTS)
# Java VM: OpenJDK 64-Bit Server VM Corretto-11.0.26.4.1 (11.0.26+4-LTS, mixed mode, tiered, compressed oops, g1 gc, windows-amd64)
Heap:
 garbage-first heap   total 129024K, used 78467K [0x00000000e0000000, 0x0000000100000000)
  region size 1024K, 68 young (69632K), 3 survivors (3072K)
 Metaspace       used 30902K, capacity 31973K, committed 32176K, reserved 1077248K
  class space    used 3652K, capacity 4070K, committed 4096K, reserved 1048576K
GC Heap History (8 events):
Event: 1.081 GC heap before
{Heap before GC invocations=0 (full 0):
 garbage-first heap   total 129024K, used 14336K [0x00000000e0000000, 0x0000000100000000)
  region size 1024K, 14 young (14336K), 0 survivors (0K)
 Metaspace       used 11368K, capacity 11590K, committed 11776K, reserved 1060864K
  class space    used 1141K, capacity 1211K, committed 1280K, reserved 1048576K
}
Event: 1.088 GC heap after
{Heap after GC invocations=1 (full 0):
 garbage-first heap   total 129024K, used 5813K [0x00000000e0000000, 0x0000000100000000)
  region size 1024K, 2 young (2048K), 2 survivors (2048K)
 Metaspace       used 11368K, capacity 11590K, committed 11776K, reserved 1060864K
  class space    used 1141K, capacity 1211K, committed 1280K, reserved 1048576K
}
Event: 1.751 GC heap before
{Heap before GC invocations=1 (full 0):
 garbage-first heap   total 129024K, used 9909K [0x00000000e0000000, 0x0000000100000000)
  region size 1024K, 6 young (6144K), 2 survivors (2048K)
 Metaspace       used 12819K, capacity 13096K, committed 13312K, reserved 1060864K
  class space    used 1329K, capacity 1416K, committed 1536K, reserved 1048576K
}
Event: 1.760 GC heap after
{Heap after GC invocations=2 (full 0):
 garbage-first heap   total 129024K, used 6044K [0x00000000e0000000, 0x0000000100000000)
  region size 1024K, 1 young (1024K), 1 survivors (1024K)
 Metaspace       used 12819K, capacity 13096K, committed 13312K, reserved 1060864K
  class space    used 1329K, capacity 1416K, committed 1536K, reserved 1048576K
}
Event: 2.777 GC heap before
{Heap before GC invocations=2 (full 0):
 garbage-first heap   total 129024K, used 25500K [0x00000000e0000000, 0x0000000100000000)
  region size 1024K, 20 young (20480K), 1 survivors (1024K)
 Metaspace       used 16505K, capacity 17185K, committed 17280K, reserved 1064960K
  class space    used 1850K, capacity 2093K, committed 2176K, reserved 1048576K
}
Event: 2.782 GC heap after
{Heap after GC invocations=3 (full 0):
 garbage-first heap   total 129024K, used 6907K [0x00000000e0000000, 0x0000000100000000)
  region size 1024K, 2 young (2048K), 2 survivors (2048K)
 Metaspace       used 16505K, capacity 17185K, committed 17280K, reserved 1064960K
  class space    used 1850K, capacity 2093K, committed 2176K, reserved 1048576K
}
Event: 5.250 GC heap before
{Heap before GC invocations=3 (full 0):
 garbage-first heap   total 129024K, used 30459K [0x00000000e0000000, 0x0000000100000000)
  region size 1024K, 26 young (26624K), 2 survivors (2048K)
 Metaspace       used 20379K, capacity 21225K, committed 21296K, reserved 1069056K
  class space    used 2358K, capacity 2682K, committed 2688K, reserved 1048576K
}
Event: 5.258 GC heap after
{Heap after GC invocations=4 (full 0):
 garbage-first heap   total 129024K, used 7811K [0x00000000e0000000, 0x0000000100000000)
  region size 1024K, 3 young (3072K), 3 survivors (3072K)
 Metaspace       used 20379K, capacity 21225K, committed 21296K, reserved 1069056K
  class space    used 2358K, capacity 2682K, committed 2688K, reserved 1048576K
}

